<?xml version="1.0" encoding="UTF-8"?>
<!-- Generated by org.testng.reporters.JUnitReportReporter -->
<testsuite skipped="0" hostname="DESKTOP-PLNOJ23" name="com.inetBanking.testCases.TC_LoginTest_001" tests="1" failures="0" timestamp="2022-11-16T10:20:53 IST" time="8.946" errors="0">
  <testcase name="logintest" time="8.946" classname="com.inetBanking.testCases.TC_LoginTest_001"/>
  <system-out/>
</testsuite> <!-- com.inetBanking.testCases.TC_LoginTest_001 -->
